<?xml version="1.0" encoding="UTF-8"?>
<!-- Generated by org.testng.reporters.JUnitXMLReporter -->
<testsuite hostname="PC418467" name="Test_MadisonCart-Run1" tests="1" failures="1" timestamp="23 Apr 2019 12:38:05 GMT" time="85.322" errors="0">
  <testcase name="Test_MadisonCart" time="73.822" classname="com.mop.qa.test.bvt.Test_MadisonCart">
    <failure type="java.lang.Exception" message="org.openqa.selenium.TimeoutException: Expected condition failed: waiting for visibility of Proxy element for: DefaultElementLocator &amp;apos;By.xpath: //input[contains(@class,&amp;apos;input-text required-entry123&amp;apos;) and @name=&amp;apos;q&amp;apos;]&amp;apos; (tried for 60 second(s) with 500 MILLISECONDS interval) Exception on Verified webelement">
      <![CDATA[java.lang.Exception: org.openqa.selenium.TimeoutException: Expected condition failed: waiting for visibility of Proxy element for: DefaultElementLocator 'By.xpath: //input[contains(@class,'input-text required-entry123') and @name='q']' (tried for 60 second(s) with 500 MILLISECONDS interval) Exception on Verified webelement
	at com.mop.qa.testbase.PageBase.enterText(PageBase.java:2705)
	at com.mop.qa.pageobject.Madison_Web.enterSeachText(Madison_Web.java:175)
	at com.mop.qa.test.bvt.Test_MadisonCart.Test_MadisonCart(Test_MadisonCart.java:19)
	at com.mop.qa.testrunner.TestRunner.testRun(TestRunner.java:180)
... Removed 45 stack frames]]>
    </failure>
  </testcase> <!-- Test_MadisonCart -->
</testsuite> <!-- Test_MadisonCart-Run1 -->
