<?xml version="1.0" encoding="UTF-8"?>
<!-- Generated by org.testng.reporters.JUnitXMLReporter -->
<testsuite hostname="PC333975" name="Test_Mobile_MMt-Run1" tests="1" failures="1" timestamp="15 Nov 2018 12:21:25 GMT" time="42.221" errors="0">
  <testcase name="flightSearch" time="9.395" classname="com.mop.qa.test.bvt.Test_Mobile_MMt">
    <failure type="java.lang.Exception" message="org.openqa.selenium.InvalidElementStateException: invalid element state: Element must be user-editable in order to clear it.
  (Session info: chrome=68.0.3440.91)
  (Driver info: chromedriver=2.40.565498 (ea082db3280dd6843ebfb08a625e3eb905c4f5ab),platform=Windows NT 10.0.15063 x86_64) (WARNING: The server did not provide any stacktrace information)
Command duration or timeout: 150 milliseconds
Build info: version: &amp;apos;2.53.1&amp;apos;, revision: &amp;apos;a36b8b1&amp;apos;, time: &amp;apos;2016-06-30 17:37:03&amp;apos;
System info: host: &amp;apos;PC333975&amp;apos;, ip: &amp;apos;10.242.193.101&amp;apos;, os.name: &amp;apos;Windows 10&amp;apos;, os.arch: &amp;apos;amd64&amp;apos;, os.version: &amp;apos;10.0&amp;apos;, java.version: &amp;apos;1.8.0_172&amp;apos;
Driver info: io.appium.java_client.android.AndroidDriver
Capabilities [{deviceScreenSize=1440x2560, networkConnectionEnabled=true, warnings={}, databaseEnabled=false, version=, deviceName=03157df341138214, platform=ANDROID, deviceUDID=03157df341138214, desired={appium-version=1.0, newCommandTimeout=300, browserName=Chrome, udid=03157df341138214, platformName=Android, version=, deviceName=IME, platform=ANDROID}, appium-version=1.0, newCommandTimeout=300, platformVersion=6.0.1, webStorageEnabled=false, locationContextEnabled=false, takesScreenshot=true, browserName=Chrome, javascriptEnabled=true, deviceModel=SM-G920I, udid=03157df341138214, platformName=Android, deviceManufacturer=samsung}]
Session ID: 5298ff22-ed27-4ecf-a1d2-f9ce83e7eb5e Exception on Verified webelement">
      <![CDATA[java.lang.Exception: org.openqa.selenium.InvalidElementStateException: invalid element state: Element must be user-editable in order to clear it.
  (Session info: chrome=68.0.3440.91)
  (Driver info: chromedriver=2.40.565498 (ea082db3280dd6843ebfb08a625e3eb905c4f5ab),platform=Windows NT 10.0.15063 x86_64) (WARNING: The server did not provide any stacktrace information)
Command duration or timeout: 150 milliseconds
Build info: version: '2.53.1', revision: 'a36b8b1', time: '2016-06-30 17:37:03'
System info: host: 'PC333975', ip: '10.242.193.101', os.name: 'Windows 10', os.arch: 'amd64', os.version: '10.0', java.version: '1.8.0_172'
Driver info: io.appium.java_client.android.AndroidDriver
Capabilities [{deviceScreenSize=1440x2560, networkConnectionEnabled=true, warnings={}, databaseEnabled=false, version=, deviceName=03157df341138214, platform=ANDROID, deviceUDID=03157df341138214, desired={appium-version=1.0, newCommandTimeout=300, browserName=Chrome, udid=03157df341138214, platformName=Android, version=, deviceName=IME, platform=ANDROID}, appium-version=1.0, newCommandTimeout=300, platformVersion=6.0.1, webStorageEnabled=false, locationContextEnabled=false, takesScreenshot=true, browserName=Chrome, javascriptEnabled=true, deviceModel=SM-G920I, udid=03157df341138214, platformName=Android, deviceManufacturer=samsung}]
Session ID: 5298ff22-ed27-4ecf-a1d2-f9ce83e7eb5e Exception on Verified webelement
	at com.mop.qa.testbase.PageBase.enterText(PageBase.java:2162)
	at com.mop.qa.pageobject.Makemytrip_homepg.enteringFromfld(Makemytrip_homepg.java:30)
	at com.mop.qa.test.bvt.Test_Mobile_MMt.flightSearch(Test_Mobile_MMt.java:16)
	at com.mop.qa.testrunner.TestRunner.testRun(TestRunner.java:166)
... Removed 45 stack frames]]>
    </failure>
  </testcase> <!-- flightSearch -->
</testsuite> <!-- Test_Mobile_MMt-Run1 -->
