<?xml version="1.0" encoding="UTF-8"?>
<!-- Generated by org.testng.reporters.JUnitXMLReporter -->
<testsuite hostname="PC333975" name="Test_CNN_PC-Run1" tests="1" failures="0" timestamp="31 Jan 2019 07:31:56 GMT" time="0.056" errors="0">
  <testcase name="@BeforeTest startTestReport" time="0.0" classname="com.mop.qa.test.bvt.TestCnnPC">
    <failure type="java.lang.NoSuchMethodError" message="org.openqa.selenium.chrome.ChromeOptions.addArguments([Ljava/lang/String;)V">
      <![CDATA[java.lang.NoSuchMethodError: org.openqa.selenium.chrome.ChromeOptions.addArguments([Ljava/lang/String;)V
	at com.mop.qa.testbase.PageBase.launchSite(PageBase.java:435)
	at com.mop.qa.testbase.TestBase.initiateDriver(TestBase.java:315)
	at com.mop.qa.testbase.TestBase.startTestReport(TestBase.java:137)
	at com.mop.qa.testrunner.TestRunner.testRun(TestRunner.java:180)
... Removed 43 stack frames]]>
    </failure>
  </testcase> <!-- @BeforeTest startTestReport -->
  <testcase name="@AfterTest afterTest" time="0.0" classname="com.mop.qa.test.bvt.TestCnnPC">
    <skipped/>
  </testcase> <!-- @AfterTest afterTest -->
  <testcase name="videoAutoPC" time="0.0" classname="com.mop.qa.test.bvt.TestCnnPC">
    <skipped/>
  </testcase> <!-- videoAutoPC -->
</testsuite> <!-- Test_CNN_PC-Run1 -->
