<?xml version="1.0" encoding="UTF-8"?>
<testng-results skipped="0" failed="0" total="1" passed="1">
  <reporter-output>
  </reporter-output>
  <suite name="Default suite" duration-ms="57041" started-at="2019-08-09T12:39:31Z" finished-at="2019-08-09T12:40:28Z">
    <groups>
    </groups>
    <test name="Default test" duration-ms="57041" started-at="2019-08-09T12:39:31Z" finished-at="2019-08-09T12:40:28Z">
      <class name="com.mop.qa.testrunner.TestRunner">
        <test-method status="PASS" signature="testRun()[pri:0, instance:com.mop.qa.testrunner.TestRunner@3967e60c]" name="testRun" duration-ms="56998" started-at="2019-08-09T18:09:31Z" finished-at="2019-08-09T18:10:28Z">
          <reporter-output>
          </reporter-output>
        </test-method> <!-- testRun -->
      </class> <!-- com.mop.qa.testrunner.TestRunner -->
    </test> <!-- Default test -->
  </suite> <!-- Default suite -->
</testng-results>
