<?xml version="1.0" encoding="UTF-8"?>
<testng-results skipped="0" failed="0" total="1" passed="1">
  <reporter-output>
  </reporter-output>
  <suite name="Default suite" duration-ms="599553" started-at="2019-08-05T05:11:18Z" finished-at="2019-08-05T05:21:18Z">
    <groups>
    </groups>
    <test name="Default test" duration-ms="599553" started-at="2019-08-05T05:11:18Z" finished-at="2019-08-05T05:21:18Z">
      <class name="com.mop.qa.testrunner.TestRunner">
        <test-method status="PASS" signature="testRun()[pri:0, instance:com.mop.qa.testrunner.TestRunner@3967e60c]" name="testRun" duration-ms="599541" started-at="2019-08-05T10:41:18Z" finished-at="2019-08-05T10:51:18Z">
          <reporter-output>
          </reporter-output>
        </test-method> <!-- testRun -->
      </class> <!-- com.mop.qa.testrunner.TestRunner -->
    </test> <!-- Default test -->
  </suite> <!-- Default suite -->
</testng-results>
